<?xml version="1.0" encoding="UTF-8"?>
<!-- Generated by org.testng.reporters.JUnitXMLReporter -->
<testsuite ignored="2" hostname="C02HG794Q6L5" failures="0" tests="0" time="0.004" errors="0" timestamp="2024-06-13T13:34:38 IST">
  <testcase classname="Rahulshettyacademy.SubmitOrderTest" name="OrderHistory" time="0.0">
    <ignored/>
  </testcase> <!-- OrderHistory -->
  <testcase classname="Rahulshettyacademy.SubmitOrderTest" name="submitOrder" time="0.0">
    <ignored/>
  </testcase> <!-- submitOrder -->
</testsuite>
