<?xml version="1.0" encoding="UTF-8"?>
<!-- Generated by org.testng.reporters.JUnitXMLReporter -->
<testsuite ignored="0" hostname="C02HG794Q6L5" failures="1" tests="3" name="ErrorValidation" time="78.38" errors="0" timestamp="2024-06-10T21:48:21 IST">
  <testcase classname="Rahulshettyacademy.ErrorValidationTest" name="errorMessage" time="12.823">
    <skipped/>
  </testcase> <!-- errorMessage -->
  <testcase classname="Rahulshettyacademy.ErrorValidationTest" name="errorMessage" time="11.248">
    <failure type="java.lang.AssertionError" message="expected:&amp;lt;Incorrect email  password.&amp;gt; but was:&amp;lt;Incorrect email or password.&amp;gt;">
      <![CDATA[java.lang.AssertionError: expected:<Incorrect email  password.> but was:<Incorrect email or password.>
at Rahulshettyacademy.ErrorValidationTest.errorMessage(ErrorValidationTest.java:29)
at java.base/java.util.ArrayList.forEach(ArrayList.java:1511)
at java.base/java.util.concurrent.FutureTask.run(FutureTask.java:264)
at java.base/java.util.concurrent.ThreadPoolExecutor.runWorker(ThreadPoolExecutor.java:1136)
at java.base/java.util.concurrent.ThreadPoolExecutor$Worker.run(ThreadPoolExecutor.java:635)
at java.base/java.lang.Thread.run(Thread.java:833)
... Removed 19 stack frames]]>
    </failure>
  </testcase> <!-- errorMessage -->
  <testcase classname="Rahulshettyacademy.ErrorValidationTest" name="submitOrder" time="29.533"/>
</testsuite> <!-- ErrorValidation -->
