<?xml version="1.0" encoding="UTF-8"?>
<!-- Generated by org.testng.reporters.JUnitXMLReporter -->
<testsuite ignored="0" hostname="C02HG794Q6L5" failures="0" tests="3" name="SubmitOrder" time="110.785" errors="0" timestamp="2024-06-10T21:48:53 IST">
  <testcase classname="Rahulshettyacademy.SubmitOrderTest" name="submitOrder" time="39.455"/>
  <testcase classname="Rahulshettyacademy.SubmitOrderTest" name="submitOrder" time="36.319"/>
  <testcase classname="Rahulshettyacademy.SubmitOrderTest" name="OrderHistory" time="12.672"/>
</testsuite> <!-- SubmitOrder -->
